<?xml version="1.0" encoding="UTF-8"?>
<testng-results skipped="0" failed="0" ignored="0" total="1" passed="1">
  <reporter-output>
  </reporter-output>
  <suite name="Default suite" duration-ms="23546" started-at="2021-02-02T08:35:34Z" finished-at="2021-02-02T08:35:58Z">
    <groups>
    </groups>
    <test name="Default test" duration-ms="23546" started-at="2021-02-02T08:35:34Z" finished-at="2021-02-02T08:35:58Z">
      <class name="TestScript_SignUp.TestScript">
        <test-method status="PASS" signature="launchBrowser()[pri:0, instance:TestScript_SignUp.TestScript@2a5ca609]" name="launchBrowser" is-config="true" duration-ms="17965" started-at="2021-02-02T08:35:34Z" finished-at="2021-02-02T08:35:52Z">
          <reporter-output>
          </reporter-output>
        </test-method> <!-- launchBrowser -->
        <test-method status="PASS" signature="registration()[pri:0, instance:TestScript_SignUp.TestScript@2a5ca609]" name="registration" duration-ms="4871" started-at="2021-02-02T08:35:52Z" finished-at="2021-02-02T08:35:57Z">
          <reporter-output>
          </reporter-output>
        </test-method> <!-- registration -->
        <test-method status="PASS" signature="closeBrowser()[pri:0, instance:TestScript_SignUp.TestScript@2a5ca609]" name="closeBrowser" is-config="true" duration-ms="690" started-at="2021-02-02T08:35:57Z" finished-at="2021-02-02T08:35:58Z">
          <reporter-output>
          </reporter-output>
        </test-method> <!-- closeBrowser -->
      </class> <!-- TestScript_SignUp.TestScript -->
    </test> <!-- Default test -->
  </suite> <!-- Default suite -->
</testng-results>
